<?xml version="1.0" encoding="UTF-8"?>
<!-- Generated by org.testng.reporters.JUnitXMLReporter -->
<testsuite ignored="0" hostname="DESKTOP-BO8CJII" failures="0" tests="3" name="Default test" time="20.658" errors="0" timestamp="2025-10-28T16:41:37 IST">
  <testcase classname="testcases.loginText" name="verifylogin" time="2.645"/>
  <testcase classname="testcases.loginText" name="verifylogin" time="2.443"/>
  <testcase classname="testcases.loginText" name="verifylogin" time="1.958"/>
</testsuite> <!-- Default test -->
