<?xml version="1.0" encoding="UTF-8"?>
<testng-results ignored="0" total="3" passed="3" failed="0" skipped="0">
  <reporter-output>
  </reporter-output>
  <suite started-at="2025-10-28T16:41:16 IST" name="Default suite" finished-at="2025-10-28T16:41:37 IST" duration-ms="20658">
    <groups>
    </groups>
    <test started-at="2025-10-28T16:41:16 IST" name="Default test" finished-at="2025-10-28T16:41:37 IST" duration-ms="20658">
      <class name="testcases.loginText">
        <test-method is-config="true" signature="setup()[pri:0, instance:testcases.loginText@495fac5f]" started-at="2025-10-28T16:41:16 IST" name="setup" finished-at="2025-10-28T16:41:21 IST" duration-ms="4997" status="PASS">
          <reporter-output>
          </reporter-output>
        </test-method> <!-- setup -->
        <test-method signature="verifylogin(java.lang.String,java.lang.String,java.lang.Boolean)[pri:0, instance:testcases.loginText@495fac5f]" started-at="2025-10-28T16:41:21 IST" name="verifylogin" data-provider="loginData" finished-at="2025-10-28T16:41:24 IST" duration-ms="2645" status="PASS">
          <params>
            <param index="0">
              <value>
                <![CDATA[Admin]]>
              </value>
            </param>
            <param index="1">
              <value>
                <![CDATA[admin123]]>
              </value>
            </param>
            <param index="2">
              <value>
                <![CDATA[true]]>
              </value>
            </param>
          </params>
          <reporter-output>
          </reporter-output>
        </test-method> <!-- verifylogin -->
        <test-method is-config="true" signature="teardown()[pri:0, instance:testcases.loginText@495fac5f]" started-at="2025-10-28T16:41:24 IST" name="teardown" finished-at="2025-10-28T16:41:24 IST" duration-ms="405" status="PASS">
          <reporter-output>
          </reporter-output>
        </test-method> <!-- teardown -->
        <test-method is-config="true" signature="setup()[pri:0, instance:testcases.loginText@495fac5f]" started-at="2025-10-28T16:41:24 IST" name="setup" finished-at="2025-10-28T16:41:28 IST" duration-ms="3599" status="PASS">
          <reporter-output>
          </reporter-output>
        </test-method> <!-- setup -->
        <test-method signature="verifylogin(java.lang.String,java.lang.String,java.lang.Boolean)[pri:0, instance:testcases.loginText@495fac5f]" started-at="2025-10-28T16:41:28 IST" name="verifylogin" data-provider="loginData" finished-at="2025-10-28T16:41:30 IST" duration-ms="2443" status="PASS">
          <params>
            <param index="0">
              <value>
                <![CDATA[Admin]]>
              </value>
            </param>
            <param index="1">
              <value>
                <![CDATA[wrongpass]]>
              </value>
            </param>
            <param index="2">
              <value>
                <![CDATA[false]]>
              </value>
            </param>
          </params>
          <reporter-output>
          </reporter-output>
        </test-method> <!-- verifylogin -->
        <test-method is-config="true" signature="teardown()[pri:0, instance:testcases.loginText@495fac5f]" started-at="2025-10-28T16:41:30 IST" name="teardown" finished-at="2025-10-28T16:41:30 IST" duration-ms="281" status="PASS">
          <reporter-output>
          </reporter-output>
        </test-method> <!-- teardown -->
        <test-method is-config="true" signature="setup()[pri:0, instance:testcases.loginText@495fac5f]" started-at="2025-10-28T16:41:30 IST" name="setup" finished-at="2025-10-28T16:41:34 IST" duration-ms="4016" status="PASS">
          <reporter-output>
          </reporter-output>
        </test-method> <!-- setup -->
        <test-method signature="verifylogin(java.lang.String,java.lang.String,java.lang.Boolean)[pri:0, instance:testcases.loginText@495fac5f]" started-at="2025-10-28T16:41:34 IST" name="verifylogin" data-provider="loginData" finished-at="2025-10-28T16:41:36 IST" duration-ms="1958" status="PASS">
          <params>
            <param index="0">
              <value>
                <![CDATA[wronguser]]>
              </value>
            </param>
            <param index="1">
              <value>
                <![CDATA[admin123]]>
              </value>
            </param>
            <param index="2">
              <value>
                <![CDATA[false]]>
              </value>
            </param>
          </params>
          <reporter-output>
          </reporter-output>
        </test-method> <!-- verifylogin -->
        <test-method is-config="true" signature="teardown()[pri:0, instance:testcases.loginText@495fac5f]" started-at="2025-10-28T16:41:36 IST" name="teardown" finished-at="2025-10-28T16:41:37 IST" duration-ms="232" status="PASS">
          <reporter-output>
          </reporter-output>
        </test-method> <!-- teardown -->
      </class> <!-- testcases.loginText -->
    </test> <!-- Default test -->
  </suite> <!-- Default suite -->
</testng-results>
