<?xml version="1.0" encoding="UTF-8"?>
<!-- Generated by org.testng.reporters.JUnitXMLReporter -->
<testsuite ignored="2" hostname="DESKTOP-BO8CJII" failures="1" tests="1" name="DemoBlazeTest" time="0.09" errors="0" timestamp="2025-10-10T19:32:15 IST">
  <testcase classname="pack09.GroupTests" name="demoBlazeSignUpAndLogin" time="0.017">
    <failure type="java.lang.NullPointerException" message="Cannot invoke &amp;quot;org.openqa.selenium.WebDriver.get(String)&amp;quot; because &amp;quot;this.driver&amp;quot; is null">
      <![CDATA[java.lang.NullPointerException: Cannot invoke "org.openqa.selenium.WebDriver.get(String)" because "this.driver" is null
at pack09.GroupTests.demoBlazeSignUpAndLogin(GroupTests.java:22)
at java.base/java.util.ArrayList.forEach(ArrayList.java:1596)
... Removed 25 stack frames]]>
    </failure>
  </testcase> <!-- demoBlazeSignUpAndLogin -->
  <testcase classname="pack09.GroupTests" name="expandTestSite" time="0.0">
    <ignored/>
  </testcase> <!-- expandTestSite -->
  <testcase classname="pack09.GroupTests" name="sauceLabsTest" time="0.0">
    <ignored/>
  </testcase> <!-- sauceLabsTest -->
</testsuite> <!-- DemoBlazeTest -->
