<?xml version="1.0" encoding="UTF-8"?>
<!-- Generated by org.testng.reporters.JUnitReportReporter -->
<testsuite hostname="DESKTOP-BO8CJII" failures="1" tests="1" name="pack09.TestGoogleSearch" time="5.192" errors="0" timestamp="2025-10-03T16:48:23 IST" skipped="0">
  <testcase classname="pack09.TestGoogleSearch" name="TestGoogle" time="5.192">
    <failure message="expected [https://www.google.com/search?q=hyr+tutorials&amp;oq=hyr&amp;gs_lcrp=EgZjaHJvbWUqDggAEEUYJxg7GIAEGIoFMg4IABBFGCcYOxiABBiKBTIGCAEQRRg5MgYIAhAjGCcyCggDEAAYsQMYgAQyCggEEAAYsQMYgAQyBwgFEAAYgAQyCggGEAAYsQMYgAQyCggHEAAYsQMYgAQyBwgIEAAYgAQyBwgJEAAYjwLSAQkzNTcwajBqMTWoAgiwAgHxBaXkm9Lr0w63&amp;sourceid=chrome&amp;ie=UTF-8] but found [Google]" type="java.lang.AssertionError">
      <![CDATA[java.lang.AssertionError: expected [https://www.google.com/search?q=hyr+tutorials&oq=hyr&gs_lcrp=EgZjaHJvbWUqDggAEEUYJxg7GIAEGIoFMg4IABBFGCcYOxiABBiKBTIGCAEQRRg5MgYIAhAjGCcyCggDEAAYsQMYgAQyCggEEAAYsQMYgAQyBwgFEAAYgAQyCggGEAAYsQMYgAQyCggHEAAYsQMYgAQyBwgIEAAYgAQyBwgJEAAYjwLSAQkzNTcwajBqMTWoAgiwAgHxBaXkm9Lr0w63&sourceid=chrome&ie=UTF-8] but found [Google]
at org.testng.Assert.fail(Assert.java:111)
at org.testng.Assert.failNotEquals(Assert.java:1590)
at org.testng.Assert.assertEqualsImpl(Assert.java:150)
at org.testng.Assert.assertEquals(Assert.java:132)
at org.testng.Assert.assertEquals(Assert.java:656)
at org.testng.Assert.assertEquals(Assert.java:666)
at pack09.TestGoogleSearch.TestGoogle(TestGoogleSearch.java:23)
at java.base/jdk.internal.reflect.DirectMethodHandleAccessor.invoke(DirectMethodHandleAccessor.java:103)
at java.base/java.lang.reflect.Method.invoke(Method.java:580)
at org.testng.internal.invokers.MethodInvocationHelper.invokeMethod(MethodInvocationHelper.java:141)
at org.testng.internal.invokers.TestInvoker.invokeMethod(TestInvoker.java:687)
at org.testng.internal.invokers.TestInvoker.invokeTestMethod(TestInvoker.java:230)
at org.testng.internal.invokers.MethodRunner.runInSequence(MethodRunner.java:63)
at org.testng.internal.invokers.TestInvoker$MethodInvocationAgent.invoke(TestInvoker.java:995)
at org.testng.internal.invokers.TestInvoker.invokeTestMethods(TestInvoker.java:203)
at org.testng.internal.invokers.TestMethodWorker.invokeTestMethods(TestMethodWorker.java:154)
at org.testng.internal.invokers.TestMethodWorker.run(TestMethodWorker.java:134)
at java.base/java.util.ArrayList.forEach(ArrayList.java:1596)
at org.testng.TestRunner.privateRun(TestRunner.java:741)
at org.testng.TestRunner.run(TestRunner.java:616)
at org.testng.SuiteRunner.runTest(SuiteRunner.java:421)
at org.testng.SuiteRunner.runSequentially(SuiteRunner.java:413)
at org.testng.SuiteRunner.privateRun(SuiteRunner.java:373)
at org.testng.SuiteRunner.run(SuiteRunner.java:312)
at org.testng.SuiteRunnerWorker.runSuite(SuiteRunnerWorker.java:52)
at org.testng.SuiteRunnerWorker.run(SuiteRunnerWorker.java:95)
at org.testng.TestNG.runSuitesSequentially(TestNG.java:1274)
at org.testng.TestNG.runSuitesLocally(TestNG.java:1208)
at org.testng.TestNG.runSuites(TestNG.java:1112)
at org.testng.TestNG.run(TestNG.java:1079)
at org.testng.remote.AbstractRemoteTestNG.run(AbstractRemoteTestNG.java:115)
at org.testng.remote.RemoteTestNG.initAndRun(RemoteTestNG.java:293)
at org.testng.remote.RemoteTestNG.main(RemoteTestNG.java:91)
]]>
    </failure>
  </testcase> <!-- TestGoogle -->
</testsuite> <!-- pack09.TestGoogleSearch -->
