<?xml version="1.0" encoding="UTF-8"?>
<!-- Generated by org.testng.reporters.JUnitReportReporter -->
<testsuite hostname="DESKTOP-BO8CJII" failures="0" tests="3" name="pack09.SkipTestDemo" time="1.370" errors="0" timestamp="2025-10-10T10:10:04 IST" skipped="1">
  <testcase classname="pack09.SkipTestDemo" name="skipThisTest" time="0.004">
    <skipped/>
  </testcase> <!-- skipThisTest -->
  <testcase classname="pack09.SkipTestDemo" name="searchGoogle" time="1.360"/>
  <testcase classname="pack09.SkipTestDemo" name="skippedTestDisabled" time="0.006"/>
</testsuite> <!-- pack09.SkipTestDemo -->
