<?xml version="1.0" encoding="UTF-8"?>
<!-- Generated by org.testng.reporters.JUnitReportReporter -->
<testsuite hostname="DESKTOP-BO8CJII" failures="0" tests="3" name="testcases.loginText" time="20.576" errors="0" timestamp="2025-10-28T16:41:37 IST" skipped="0">
  <testcase classname="testcases.loginText" name="verifylogin" time="7.672"/>
  <testcase classname="testcases.loginText" name="verifylogin" time="6.379"/>
  <testcase classname="testcases.loginText" name="verifylogin" time="6.525"/>
</testsuite> <!-- testcases.loginText -->
