<?xml version="1.0" encoding="UTF-8"?>
<!-- Generated by org.testng.reporters.JUnitXMLReporter -->
<testsuite ignored="0" hostname="DESKTOP-BO8CJII" failures="1" tests="6" name="AllTests" time="22.893" errors="0" timestamp="2025-10-09T20:39:17 IST">
  <testcase classname="pack09.TestOrangeHRM" name="launchApplication" time="2.676"/>
  <testcase classname="pack09.TestOrangeHRM" name="login" time="2.355"/>
  <testcase classname="pack09.TestOrangeHRM" name="navigateToMyInfo" time="1.536"/>
  <testcase classname="pack09.TestOrangeHRM" name="verifyMyInfoTab" time="0.072"/>
  <testcase classname="pack09.TestOrangeHRM" name="verifyPersonalDetailsHeading" time="0.031"/>
  <testcase classname="pack09.TestOrangeHRM" name="successfulEcommerceLogin" time="13.292">
    <failure type="java.lang.AssertionError" message="⚠️ Login failed: User does not exist or wrong credentials">
      <![CDATA[java.lang.AssertionError: ⚠️ Login failed: User does not exist or wrong credentials
at pack09.TestOrangeHRM.successfulEcommerceLogin(TestOrangeHRM.java:75)
at java.base/java.util.ArrayList.forEach(ArrayList.java:1596)
... Removed 26 stack frames]]>
    </failure>
  </testcase> <!-- successfulEcommerceLogin -->
</testsuite> <!-- AllTests -->
