<?xml version="1.0" encoding="UTF-8"?>
<!-- Generated by org.testng.reporters.JUnitXMLReporter -->
<testsuite ignored="0" hostname="DESKTOP-BO8CJII" failures="1" tests="6" name="OrangeHRMAndDemoblazeTests" time="23.368" errors="0" timestamp="2025-10-09T20:58:02 IST">
  <testcase classname="pack09.TestOrangeHRM" name="launchApplication" time="2.962"/>
  <testcase classname="pack09.TestOrangeHRM" name="login" time="2.287"/>
  <testcase classname="pack09.TestOrangeHRM" name="navigateToMyInfo" time="1.567"/>
  <testcase classname="pack09.TestOrangeHRM" name="verifyMyInfoTab" time="0.056"/>
  <testcase classname="pack09.TestOrangeHRM" name="verifyPersonalDetailsHeading" time="0.067"/>
  <testcase classname="pack09.TestOrangeHRM" name="successfulEcommerceLogin" time="13.556">
    <failure type="java.lang.AssertionError" message="⚠️ Login failed: User does not exist or wrong credentials">
      <![CDATA[java.lang.AssertionError: ⚠️ Login failed: User does not exist or wrong credentials
at pack09.TestOrangeHRM.successfulEcommerceLogin(TestOrangeHRM.java:74)
at java.base/java.util.ArrayList.forEach(ArrayList.java:1596)
... Removed 26 stack frames]]>
    </failure>
  </testcase> <!-- successfulEcommerceLogin -->
</testsuite> <!-- OrangeHRMAndDemoblazeTests -->
