<?xml version="1.0" encoding="UTF-8"?>
<!-- Generated by org.testng.reporters.JUnitXMLReporter -->
<testsuite ignored="1" hostname="DESKTOP-BO8CJII" failures="0" tests="4" name="OrangeHRMMyInfo" time="0.044" errors="0" timestamp="2025-10-04T14:57:46 IST">
  <testcase classname="pack09.TestOrangeHRM" name="LaunchApp" time="0.0">
    <skipped/>
  </testcase> <!-- LaunchApp -->
  <testcase classname="pack09.TestOrangeHRM" name="EnterLoginDetails" time="0.0">
    <skipped/>
  </testcase> <!-- EnterLoginDetails -->
  <testcase classname="pack09.TestOrangeHRM" name="NavigateToMyInfo" time="0.0">
    <skipped/>
  </testcase> <!-- NavigateToMyInfo -->
  <testcase classname="pack09.TestOrangeHRM" name="VerifyMyInfo" time="0.0">
    <skipped/>
  </testcase> <!-- VerifyMyInfo -->
  <testcase classname="pack09.TestOrangeHRM" name="VerifyMyLogin" time="0.0">
    <ignored/>
  </testcase> <!-- VerifyMyLogin -->
</testsuite> <!-- OrangeHRMMyInfo -->
