<?xml version="1.0" encoding="UTF-8"?>
<!-- Generated by org.testng.reporters.JUnitXMLReporter -->
<testsuite ignored="2" hostname="DESKTOP-BO8CJII" failures="0" tests="3" name="OrangeHRMLogin" time="0.12" errors="0" timestamp="2025-10-04T14:57:46 IST">
  <testcase classname="pack09.TestOrangeHRM" name="@BeforeTest InitializeBrowser" time="0.017">
    <failure type="java.lang.Error" message="Unresolved compilation problems: 
	Syntax error, insert &amp;quot;VariableDeclarators&amp;quot; to complete LocalVariableDeclaration
	Syntax error, insert &amp;quot;;&amp;quot; to complete LocalVariableDeclarationStatement
	wi cannot be resolved or is not a field
">
      <![CDATA[java.lang.Error: Unresolved compilation problems: 
Syntax error, insert "VariableDeclarators" to complete LocalVariableDeclaration
Syntax error, insert ";" to complete LocalVariableDeclarationStatement
wi cannot be resolved or is not a field

at pack09.TestOrangeHRM.InitializeBrowser(TestOrangeHRM.java:21)
... Removed 22 stack frames]]>
    </failure>
  </testcase> <!-- @BeforeTest InitializeBrowser -->
  <testcase classname="pack09.TestOrangeHRM" name="@AfterTest afterTest" time="0.0">
    <skipped/>
  </testcase> <!-- @AfterTest afterTest -->
  <testcase classname="pack09.TestOrangeHRM" name="LaunchApp" time="0.0">
    <skipped/>
  </testcase> <!-- LaunchApp -->
  <testcase classname="pack09.TestOrangeHRM" name="EnterLoginDetails" time="0.0">
    <skipped/>
  </testcase> <!-- EnterLoginDetails -->
  <testcase classname="pack09.TestOrangeHRM" name="VerifyMyLogin" time="0.0">
    <skipped/>
  </testcase> <!-- VerifyMyLogin -->
  <testcase classname="pack09.TestOrangeHRM" name="NavigateToMyInfo" time="0.0">
    <ignored/>
  </testcase> <!-- NavigateToMyInfo -->
  <testcase classname="pack09.TestOrangeHRM" name="VerifyMyInfo" time="0.0">
    <ignored/>
  </testcase> <!-- VerifyMyInfo -->
</testsuite> <!-- OrangeHRMLogin -->
