<?xml version="1.0" encoding="UTF-8"?>
<!-- Generated by org.testng.reporters.JUnitXMLReporter -->
<testsuite ignored="1" hostname="DESKTOP-BO8CJII" failures="0" tests="5" name="OrangeHRMLoginAndMyInfoTests" time="12.595" errors="0" timestamp="2025-10-09T19:00:03 IST">
  <testcase classname="pack09.TestOrangeHRM" name="launchApplication" time="3.066"/>
  <testcase classname="pack09.TestOrangeHRM" name="login" time="2.484"/>
  <testcase classname="pack09.TestOrangeHRM" name="navigateToMyInfo" time="1.657"/>
  <testcase classname="pack09.TestOrangeHRM" name="verifyMyInfoTab" time="0.074"/>
  <testcase classname="pack09.TestOrangeHRM" name="verifyPersonalDetailsHeading" time="0.086"/>
  <testcase classname="pack09.TestOrangeHRM" name="successfulEcommerceLogin" time="0.0">
    <ignored/>
  </testcase> <!-- successfulEcommerceLogin -->
</testsuite> <!-- OrangeHRMLoginAndMyInfoTests -->
