<?xml version="1.0" encoding="UTF-8"?>
<!-- Generated by org.testng.reporters.JUnitXMLReporter -->
<testsuite ignored="2" hostname="DESKTOP-BO8CJII" failures="1" tests="1" name="DemoBlazeTest" time="0.12" errors="0" timestamp="2025-10-10T17:55:19 IST">
  <testcase classname="pack09.MultiSiteTests" name="demoBlazeTest" time="0.019">
    <failure type="java.lang.NullPointerException" message="Cannot invoke &amp;quot;org.openqa.selenium.WebDriver.get(String)&amp;quot; because &amp;quot;this.driver&amp;quot; is null">
      <![CDATA[java.lang.NullPointerException: Cannot invoke "org.openqa.selenium.WebDriver.get(String)" because "this.driver" is null
at pack09.MultiSiteTests.demoBlazeTest(MultiSiteTests.java:14)
at java.base/java.util.ArrayList.forEach(ArrayList.java:1596)
at java.base/java.util.concurrent.FutureTask.run(FutureTask.java:317)
at java.base/java.util.concurrent.ThreadPoolExecutor.runWorker(ThreadPoolExecutor.java:1144)
at java.base/java.util.concurrent.ThreadPoolExecutor$Worker.run(ThreadPoolExecutor.java:642)
at java.base/java.lang.Thread.run(Thread.java:1583)
... Removed 15 stack frames]]>
    </failure>
  </testcase> <!-- demoBlazeTest -->
  <testcase classname="pack09.MultiSiteTests" name="expandTestingTest" time="0.0">
    <ignored/>
  </testcase> <!-- expandTestingTest -->
  <testcase classname="pack09.MultiSiteTests" name="sauceLabsTest" time="0.0">
    <ignored/>
  </testcase> <!-- sauceLabsTest -->
</testsuite> <!-- DemoBlazeTest -->
