<?xml version="1.0" encoding="UTF-8"?>
<!-- Generated by org.testng.reporters.JUnitXMLReporter -->
<testsuite ignored="3" hostname="DESKTOP-BO8CJII" failures="0" tests="0" time="0.001" errors="0" timestamp="2025-10-10T17:49:26 IST">
  <testcase classname="pack09.MultiSiteTests" name="sauceLabsTest" time="0.0">
    <ignored/>
  </testcase> <!-- sauceLabsTest -->
  <testcase classname="pack09.MultiSiteTests" name="demoBlazeTest" time="0.0">
    <ignored/>
  </testcase> <!-- demoBlazeTest -->
  <testcase classname="pack09.MultiSiteTests" name="expandTestingTest" time="0.0">
    <ignored/>
  </testcase> <!-- expandTestingTest -->
</testsuite>
