<?xml version="1.0" encoding="UTF-8"?>
<!-- Generated by org.testng.reporters.JUnitXMLReporter -->
<testsuite ignored="2" hostname="DESKTOP-BO8CJII" failures="1" tests="1" name="ExpandTestingTests" time="0.006" errors="0" timestamp="2025-10-10T17:57:27 IST">
  <testcase classname="pack09.MultiSiteTests" name="expandTestingTest" time="0.002">
    <failure type="java.lang.NullPointerException" message="Cannot invoke &amp;quot;org.openqa.selenium.WebDriver.get(String)&amp;quot; because &amp;quot;this.driver&amp;quot; is null">
      <![CDATA[java.lang.NullPointerException: Cannot invoke "org.openqa.selenium.WebDriver.get(String)" because "this.driver" is null
at pack09.MultiSiteTests.expandTestingTest(MultiSiteTests.java:61)
at java.base/java.util.ArrayList.forEach(ArrayList.java:1596)
... Removed 25 stack frames]]>
    </failure>
  </testcase> <!-- expandTestingTest -->
  <testcase classname="pack09.MultiSiteTests" name="sauceLabsTest" time="0.0">
    <ignored/>
  </testcase> <!-- sauceLabsTest -->
  <testcase classname="pack09.MultiSiteTests" name="demoBlazeTest" time="0.0">
    <ignored/>
  </testcase> <!-- demoBlazeTest -->
</testsuite> <!-- ExpandTestingTests -->
