<?xml version="1.0" encoding="UTF-8"?>
<!-- Generated by org.testng.reporters.JUnitXMLReporter -->
<testsuite ignored="0" hostname="DESKTOP-BO8CJII" failures="1" tests="1" name="DemoBlazeLoginTest" time="8.451" errors="0" timestamp="2025-10-10T08:35:38 IST">
  <testcase classname="pack09.TestDemoblaze" name="successfulEcommerceLogin" time="4.254">
    <failure type="java.lang.AssertionError" message="⚠️ Login failed: User does not exist or wrong credentials">
      <![CDATA[java.lang.AssertionError: ⚠️ Login failed: User does not exist or wrong credentials
at pack09.TestDemoblaze.successfulEcommerceLogin(TestDemoblaze.java:32)
at java.base/java.util.ArrayList.forEach(ArrayList.java:1596)
... Removed 26 stack frames]]>
    </failure>
  </testcase> <!-- successfulEcommerceLogin -->
</testsuite> <!-- DemoBlazeLoginTest -->
